<?xml version="1.0" encoding="UTF-8"?>
<testsuite xmlns:xsi="http://www.w3.org/2001/XMLSchema-instance" xsi:noNamespaceSchemaLocation="https://maven.apache.org/surefire/maven-surefire-plugin/xsd/surefire-test-report-3.0.xsd" version="3.0" name="com.eduardo.softrestaurant.SoftrestaurantApplicationTests" time="5.562" tests="1" errors="0" skipped="0" failures="0">
  <properties>
[...]
</properties>
  <testcase name="contextLoads" classname="com.eduardo.softrestaurant.SoftrestaurantApplicationTests" time="0.385">
    <system-out><![CDATA[16:15:17.659 [main] INFO org.springframework.test.context.support.AnnotationConfigContextLoaderUtils -- Could not detect default configuration classes for test class [com.eduardo.softrestaurant.SoftrestaurantApplicationTests]: SoftrestaurantApplicationTests does not declare any static, non-private, non-final, nested classes annotated with @Configuration.
16:15:17.740 [main] INFO org.springframework.boot.test.context.SpringBootTestContextBootstrapper -- Found @SpringBootConfiguration com.eduardo.softrestaurant.SoftrestaurantApplication for test class com.eduardo.softrestaurant.SoftrestaurantApplicationTests
16:15:17.899 [main] INFO org.springframework.boot.devtools.restart.RestartApplicationListener -- Restart disabled due to context in which it is running

  .   ____          _            __ _ _
 /\\ / ___'_ __ _ _(_)_ __  __ _ \ \ \ \
( ( )\___ | '_ | '_| | '_ \/ _` | \ \ \ \
 \\/  ___)| |_)| | | | | || (_| |  ) ) ) )
  '  |____| .__|_| |_|_| |_\__, | / / / /
 =========|_|==============|___/=/_/_/_/

 :: Spring Boot ::                (v3.3.1)

2025-10-04T16:15:18.110-06:00  INFO 8556 --- [softrestaurant] [           main] c.e.s.SoftrestaurantApplicationTests     : Starting SoftrestaurantApplicationTests using Java 21.0.8 with PID 8556 (started by Eduardo in C:\Users\Eduardo\Documents\SoftwareRestaurant)
2025-10-04T16:15:18.111-06:00  INFO 8556 --- [softrestaurant] [           main] c.e.s.SoftrestaurantApplicationTests     : No active profile set, falling back to 1 default profile: "default"
2025-10-04T16:15:18.811-06:00  INFO 8556 --- [softrestaurant] [           main] .s.d.r.c.RepositoryConfigurationDelegate : Bootstrapping Spring Data JPA repositories in DEFAULT mode.
2025-10-04T16:15:18.879-06:00  INFO 8556 --- [softrestaurant] [           main] .s.d.r.c.RepositoryConfigurationDelegate : Finished Spring Data repository scanning in 60 ms. Found 5 JPA repository interfaces.
2025-10-04T16:15:19.332-06:00  INFO 8556 --- [softrestaurant] [           main] o.hibernate.jpa.internal.util.LogHelper  : HHH000204: Processing PersistenceUnitInfo [name: default]
2025-10-04T16:15:19.399-06:00  INFO 8556 --- [softrestaurant] [           main] org.hibernate.Version                    : HHH000412: Hibernate ORM core version 6.5.2.Final
2025-10-04T16:15:19.433-06:00  INFO 8556 --- [softrestaurant] [           main] o.h.c.internal.RegionFactoryInitiator    : HHH000026: Second-level cache disabled
2025-10-04T16:15:19.733-06:00  INFO 8556 --- [softrestaurant] [           main] o.s.o.j.p.SpringPersistenceUnitInfo      : No LoadTimeWeaver setup: ignoring JPA class transformer
2025-10-04T16:15:19.764-06:00  INFO 8556 --- [softrestaurant] [           main] com.zaxxer.hikari.HikariDataSource       : HikariPool-1 - Starting...
2025-10-04T16:15:20.062-06:00  INFO 8556 --- [softrestaurant] [           main] com.zaxxer.hikari.pool.HikariPool        : HikariPool-1 - Added connection com.mysql.cj.jdbc.ConnectionImpl@7ee2423
2025-10-04T16:15:20.065-06:00  INFO 8556 --- [softrestaurant] [           main] com.zaxxer.hikari.HikariDataSource       : HikariPool-1 - Start completed.
2025-10-04T16:15:21.227-06:00  INFO 8556 --- [softrestaurant] [           main] o.h.e.t.j.p.i.JtaPlatformInitiator       : HHH000489: No JTA platform available (set 'hibernate.transaction.jta.platform' to enable JTA platform integration)
2025-10-04T16:15:21.407-06:00  INFO 8556 --- [softrestaurant] [           main] j.LocalContainerEntityManagerFactoryBean : Initialized JPA EntityManagerFactory for persistence unit 'default'
2025-10-04T16:15:21.929-06:00  WARN 8556 --- [softrestaurant] [           main] JpaBaseConfiguration$JpaWebConfiguration : spring.jpa.open-in-view is enabled by default. Therefore, database queries may be performed during view rendering. Explicitly configure spring.jpa.open-in-view to disable this warning
2025-10-04T16:15:21.963-06:00  WARN 8556 --- [softrestaurant] [           main] .s.s.UserDetailsServiceAutoConfiguration : 

Using generated security password: 5144e739-1c16-49f1-80fa-ecc8d0666aa0

This generated password is for development use only. Your security configuration must be updated before running your application in production.

2025-10-04T16:15:21.979-06:00  INFO 8556 --- [softrestaurant] [           main] r$InitializeUserDetailsManagerConfigurer : Global AuthenticationManager configured with UserDetailsService bean with name inMemoryUserDetailsManager
2025-10-04T16:15:22.662-06:00  INFO 8556 --- [softrestaurant] [           main] c.e.s.SoftrestaurantApplicationTests     : Started SoftrestaurantApplicationTests in 4.782 seconds (process running for 5.593)
]]></system-out>
    <system-err><![CDATA[WARNING: A Java agent has been loaded dynamically (C:\Users\Eduardo\.m2\repository\net\bytebuddy\byte-buddy-agent\1.14.17\byte-buddy-agent-1.14.17.jar)
WARNING: If a serviceability tool is in use, please run with -XX:+EnableDynamicAgentLoading to hide this warning
WARNING: If a serviceability tool is not in use, please run with -Djdk.instrument.traceUsage for more information
WARNING: Dynamic loading of agents will be disallowed by default in a future release
]]></system-err>
  </testcase>
</testsuite>